<?xml version="1.0" encoding="UTF-8"?>
<testng-results ignored="0" total="2" passed="2" failed="0" skipped="0">
  <reporter-output>
  </reporter-output>
  <suite started-at="2025-11-18T23:38:06 IST" name="Default suite" finished-at="2025-11-18T23:38:27 IST" duration-ms="21099">
    <groups>
    </groups>
    <test started-at="2025-11-18T23:38:06 IST" name="Default test" finished-at="2025-11-18T23:38:27 IST" duration-ms="21099">
      <class name="com.orangehrm.test.LoginPageTest">
        <test-method is-config="true" signature="loadConfig()[pri:0, instance:com.orangehrm.test.LoginPageTest@180da663]" started-at="2025-11-18T23:38:06 IST" name="loadConfig" finished-at="2025-11-18T23:38:06 IST" duration-ms="16" status="PASS">
          <reporter-output>
          </reporter-output>
        </test-method> <!-- loadConfig -->
        <test-method is-config="true" signature="setup()[pri:0, instance:com.orangehrm.test.LoginPageTest@180da663]" started-at="2025-11-18T23:38:06 IST" name="setup" finished-at="2025-11-18T23:38:13 IST" duration-ms="6974" status="PASS">
          <reporter-output>
          </reporter-output>
        </test-method> <!-- setup -->
        <test-method is-config="true" signature="setuppages()[pri:0, instance:com.orangehrm.test.LoginPageTest@180da663]" started-at="2025-11-18T23:38:13 IST" name="setuppages" finished-at="2025-11-18T23:38:13 IST" duration-ms="5" status="PASS">
          <reporter-output>
          </reporter-output>
        </test-method> <!-- setuppages -->
        <test-method signature="inValidLoginTest()[pri:0, instance:com.orangehrm.test.LoginPageTest@180da663]" started-at="2025-11-18T23:38:13 IST" name="inValidLoginTest" finished-at="2025-11-18T23:38:15 IST" duration-ms="2090" status="PASS">
          <reporter-output>
          </reporter-output>
        </test-method> <!-- inValidLoginTest -->
        <test-method is-config="true" signature="tearDown()[pri:0, instance:com.orangehrm.test.LoginPageTest@180da663]" started-at="2025-11-18T23:38:15 IST" name="tearDown" finished-at="2025-11-18T23:38:15 IST" duration-ms="193" status="PASS">
          <reporter-output>
          </reporter-output>
        </test-method> <!-- tearDown -->
        <test-method is-config="true" signature="setup()[pri:0, instance:com.orangehrm.test.LoginPageTest@180da663]" started-at="2025-11-18T23:38:15 IST" name="setup" finished-at="2025-11-18T23:38:21 IST" duration-ms="5706" status="PASS">
          <reporter-output>
          </reporter-output>
        </test-method> <!-- setup -->
        <test-method signature="verifyvalidLoginTest()[pri:0, instance:com.orangehrm.test.LoginPageTest@180da663]" started-at="2025-11-18T23:38:21 IST" name="verifyvalidLoginTest" finished-at="2025-11-18T23:38:27 IST" duration-ms="5880" status="PASS">
          <reporter-output>
          </reporter-output>
        </test-method> <!-- verifyvalidLoginTest -->
        <test-method is-config="true" signature="setuppages()[pri:0, instance:com.orangehrm.test.LoginPageTest@180da663]" started-at="2025-11-18T23:38:21 IST" name="setuppages" finished-at="2025-11-18T23:38:21 IST" duration-ms="0" status="PASS">
          <reporter-output>
          </reporter-output>
        </test-method> <!-- setuppages -->
        <test-method is-config="true" signature="tearDown()[pri:0, instance:com.orangehrm.test.LoginPageTest@180da663]" started-at="2025-11-18T23:38:27 IST" name="tearDown" finished-at="2025-11-18T23:38:27 IST" duration-ms="207" status="PASS">
          <reporter-output>
          </reporter-output>
        </test-method> <!-- tearDown -->
      </class> <!-- com.orangehrm.test.LoginPageTest -->
    </test> <!-- Default test -->
  </suite> <!-- Default suite -->
</testng-results>
