<?xml version="1.0" encoding="UTF-8"?>
<!-- Generated by org.testng.reporters.JUnitReportReporter -->
<testsuite hostname="LAPTOP-5M3PE2SH" failures="0" tests="2" name="com.orangehrm.test.LoginPageTest" time="30.655" errors="0" timestamp="2025-11-23T22:57:18 IST" skipped="0">
  <testcase classname="com.orangehrm.test.LoginPageTest" name="verifyvalidLoginTest" time="14.387"/>
  <testcase classname="com.orangehrm.test.LoginPageTest" name="inValidLoginTest" time="16.268"/>
</testsuite> <!-- com.orangehrm.test.LoginPageTest -->
