<?xml version="1.0" encoding="UTF-8"?>
<!-- Generated by org.testng.reporters.JUnitReportReporter -->
<testsuite hostname="LAPTOP-5M3PE2SH" failures="0" tests="2" name="com.orangehrm.test.LoginPageTest" time="21.978" errors="0" timestamp="2025-11-17T22:34:05 IST" skipped="0">
  <testcase classname="com.orangehrm.test.LoginPageTest" name="inValidLoginTest" time="9.263"/>
  <testcase classname="com.orangehrm.test.LoginPageTest" name="verifyvalidLoginTest" time="12.715"/>
</testsuite> <!-- com.orangehrm.test.LoginPageTest -->
