<?xml version="1.0" encoding="UTF-8"?>
<!-- Generated by org.testng.reporters.JUnitXMLReporter -->
<testsuite ignored="1" hostname="LAPTOP-5M3PE2SH" failures="0" tests="2" name="ornageHRMTest" time="22.609" errors="0" timestamp="2025-11-11T11:27:03 IST">
  <testcase classname="com.orangehrm.test.DummyClass" name="dummyTest" time="0.031"/>
  <testcase classname="com.orangehrm.test.DummyClass2" name="dummyTest2" time="0.016"/>
  <testcase classname="com.orangehrm.base.BaseClass" name="@BeforeSuite loadConfig" time="0.0">
    <ignored/>
  </testcase> <!-- @BeforeSuite loadConfig -->
</testsuite> <!-- ornageHRMTest -->
