<?xml version="1.0" encoding="UTF-8"?>
<!-- Generated by org.testng.reporters.JUnitXMLReporter -->
<testsuite ignored="3" hostname="LAPTOP-5M3PE2SH" failures="0" tests="5" name="ornageHRMTest" time="20.689" errors="0" timestamp="2025-11-22T16:28:25 IST">
  <testcase classname="com.orangehrm.test.DummyClass" name="dummyTest" time="0.024"/>
  <testcase classname="com.orangehrm.test.DummyClass2" name="dummyTest2" time="0.024"/>
  <testcase classname="com.orangehrm.test.LoginPageTest" name="inValidLoginTest" time="3.173"/>
  <testcase classname="com.orangehrm.test.HomePageTest" name="verifyOrangeHRMLogo" time="3.388"/>
  <testcase classname="com.orangehrm.test.LoginPageTest" name="verifyvalidLoginTest" time="6.289"/>
  <testcase classname="com.orangehrm.base.BaseClass" name="@BeforeSuite loadConfig" time="0.0">
    <ignored/>
  </testcase> <!-- @BeforeSuite loadConfig -->
  <testcase classname="com.orangehrm.base.BaseClass" name="@BeforeSuite loadConfig" time="0.0">
    <ignored/>
  </testcase> <!-- @BeforeSuite loadConfig -->
  <testcase classname="com.orangehrm.base.BaseClass" name="@BeforeSuite loadConfig" time="0.0">
    <ignored/>
  </testcase> <!-- @BeforeSuite loadConfig -->
</testsuite> <!-- ornageHRMTest -->
