<?xml version="1.0" encoding="UTF-8"?>
<!-- Generated by org.testng.reporters.JUnitXMLReporter -->
<testsuite ignored="3" hostname="LAPTOP-5M3PE2SH" failures="0" tests="5" name="ornageHRMTest" time="23.828" errors="0" timestamp="2025-11-27T15:34:46 IST">
  <testcase classname="com.orangehrm.test.DummyClass" name="dummyTest" time="0.011">
    <skipped/>
  </testcase> <!-- dummyTest -->
  <testcase classname="com.orangehrm.test.DummyClass2" name="dummyTest2" time="0.023"/>
  <testcase classname="com.orangehrm.test.HomePageTest" name="verifyOrangeHRMLogo" time="3.855"/>
  <testcase classname="com.orangehrm.test.LoginPageTest" name="inValidLoginTest" time="2.546"/>
  <testcase classname="com.orangehrm.test.LoginPageTest" name="verifyvalidLoginTest" time="5.644"/>
  <testcase classname="com.orangehrm.base.BaseClass" name="@BeforeSuite loadConfig" time="0.0">
    <ignored/>
  </testcase> <!-- @BeforeSuite loadConfig -->
  <testcase classname="com.orangehrm.base.BaseClass" name="@BeforeSuite loadConfig" time="0.0">
    <ignored/>
  </testcase> <!-- @BeforeSuite loadConfig -->
  <testcase classname="com.orangehrm.base.BaseClass" name="@BeforeSuite loadConfig" time="0.0">
    <ignored/>
  </testcase> <!-- @BeforeSuite loadConfig -->
</testsuite> <!-- ornageHRMTest -->
