<?xml version="1.0" encoding="UTF-8"?>
<!-- Generated by org.testng.reporters.JUnitXMLReporter -->
<testsuite ignored="2" hostname="LAPTOP-5M3PE2SH" failures="0" tests="3" name="ornageHRMTest" time="22.149" errors="0" timestamp="2025-11-15T19:27:24 IST">
  <testcase classname="com.orangehrm.test.LoginPageTest" name="@BeforeMethod setuppages" time="0.008">
    <failure type="java.lang.NumberFormatException" message="For input string: &amp;quot;30 &amp;quot;">
      <![CDATA[java.lang.NumberFormatException: For input string: "30 "
at java.base/java.lang.NumberFormatException.forInputString(NumberFormatException.java:67)
at java.base/java.lang.Integer.parseInt(Integer.java:588)
at java.base/java.lang.Integer.parseInt(Integer.java:685)
at com.orangehrm.actiondriver.ActionDriver.<init>(ActionDriver.java:19)
at com.orangehrm.pages.LoginPage.<init>(LoginPage.java:18)
at com.orangehrm.test.LoginPageTest.setuppages(LoginPageTest.java:21)
at java.base/java.util.ArrayList.forEach(ArrayList.java:1597)
... Removed 29 stack frames]]>
    </failure>
  </testcase> <!-- @BeforeMethod setuppages -->
  <testcase classname="com.orangehrm.base.BaseClass" name="@AfterMethod tearDown" time="0.0">
    <skipped/>
  </testcase> <!-- @AfterMethod tearDown -->
  <testcase classname="com.orangehrm.test.DummyClass" name="dummyTest" time="0.059"/>
  <testcase classname="com.orangehrm.test.DummyClass2" name="dummyTest2" time="0.023"/>
  <testcase classname="com.orangehrm.test.LoginPageTest" name="verifyvalidLoginTest" time="0.0">
    <skipped/>
  </testcase> <!-- verifyvalidLoginTest -->
  <testcase classname="com.orangehrm.base.BaseClass" name="@BeforeSuite loadConfig" time="0.0">
    <ignored/>
  </testcase> <!-- @BeforeSuite loadConfig -->
  <testcase classname="com.orangehrm.base.BaseClass" name="@BeforeSuite loadConfig" time="0.0">
    <ignored/>
  </testcase> <!-- @BeforeSuite loadConfig -->
</testsuite> <!-- ornageHRMTest -->
