<?xml version="1.0" encoding="UTF-8"?>
<!-- Generated by org.testng.reporters.JUnitXMLReporter -->
<testsuite ignored="0" hostname="LAPTOP-5M3PE2SH" failures="1" tests="1" name="ornageHRMTest" time="57.868" errors="0" timestamp="2025-11-30T23:39:01 IST">
  <testcase classname="com.orangehrm.test.DBVerificationTest" name="VerifyEmployeeFromDB" time="52.163">
    <failure type="java.lang.AssertionError" message="First and middle nam erae not matching  expected [true] but found [false]">
      <![CDATA[java.lang.AssertionError: First and middle nam erae not matching  expected [true] but found [false]
at com.orangehrm.test.DBVerificationTest.VerifyEmployeeFromDB(DBVerificationTest.java:50)
at java.base/java.util.concurrent.Executors$RunnableAdapter.call(Executors.java:572)
at java.base/java.util.concurrent.FutureTask.run(FutureTask.java:317)
at java.base/java.util.concurrent.ThreadPoolExecutor.runWorker(ThreadPoolExecutor.java:1144)
at java.base/java.util.concurrent.ThreadPoolExecutor$Worker.run(ThreadPoolExecutor.java:642)
at java.base/java.lang.Thread.run(Thread.java:1575)
... Removed 14 stack frames]]>
    </failure>
  </testcase> <!-- VerifyEmployeeFromDB -->
</testsuite> <!-- ornageHRMTest -->
