<?xml version="1.0" encoding="UTF-8"?>
<!-- Generated by org.testng.reporters.JUnitXMLReporter -->
<testsuite ignored="2" hostname="LAPTOP-5M3PE2SH" failures="0" tests="3" name="ornageHRMTest" time="23.394" errors="0" timestamp="2025-11-16T23:33:19 IST">
  <testcase classname="com.orangehrm.test.DummyClass" name="dummyTest" time="0.055"/>
  <testcase classname="com.orangehrm.test.DummyClass2" name="dummyTest2" time="0.034"/>
  <testcase classname="com.orangehrm.test.LoginPageTest" name="verifyvalidLoginTest" time="5.229"/>
  <testcase classname="com.orangehrm.base.BaseClass" name="@BeforeSuite loadConfig" time="0.0">
    <ignored/>
  </testcase> <!-- @BeforeSuite loadConfig -->
  <testcase classname="com.orangehrm.base.BaseClass" name="@BeforeSuite loadConfig" time="0.0">
    <ignored/>
  </testcase> <!-- @BeforeSuite loadConfig -->
</testsuite> <!-- ornageHRMTest -->
